<ns0:test-suite xmlns:ns0="urn:model.allure.qatools.yandex.ru" start="1593365620648" stop="1593365620695">
  <name>scripts</name>
  <labels/>
  <test-cases>
    <test-case start="1593365620648" status="failed" stop="1593365620691">
      <name>test_login.TestLogin.test_login_001</name>
      <failure>
        <message>AssertionError: assert 0</message>
        <stack-trace>self = &lt;scripts.test_login.TestLogin object at 0x00000000037A84E0&gt;

    def test_login_001(self):
&gt;       assert 0
E       assert 0

scripts\test_login.py:7: AssertionError</stack-trace>
      </failure>
      <attachments/>
      <labels>
        <label name="severity" value="normal"/>
        <label name="thread" value="6740-MainThread"/>
        <label name="host" value="VUZZ76DWS5FQOKO"/>
        <label name="framework" value="pytest"/>
        <label name="language" value="cpython3"/>
      </labels>
      <steps/>
    </test-case>
    <test-case start="1593365620693" status="passed" stop="1593365620694">
      <name>test_login.TestLogin.test_login_002</name>
      <attachments/>
      <labels>
        <label name="severity" value="normal"/>
        <label name="thread" value="6740-MainThread"/>
        <label name="host" value="VUZZ76DWS5FQOKO"/>
        <label name="framework" value="pytest"/>
        <label name="language" value="cpython3"/>
      </labels>
      <steps/>
    </test-case>
    <test-case start="1593365620694" status="passed" stop="1593365620695">
      <name>test_login.TestLogin.test_login_003</name>
      <attachments/>
      <labels>
        <label name="severity" value="normal"/>
        <label name="thread" value="6740-MainThread"/>
        <label name="host" value="VUZZ76DWS5FQOKO"/>
        <label name="framework" value="pytest"/>
        <label name="language" value="cpython3"/>
      </labels>
      <steps>
        <step start="1593365620695" status="passed" stop="1593365620695">
          <name>测试步骤</name>
          <title>测试步骤</title>
          <attachments/>
          <steps/>
        </step>
      </steps>
    </test-case>
  </test-cases>
</ns0:test-suite>
